#
# There is insufficient memory for the Java Runtime Environment to continue.
# Native memory allocation (mmap) failed to map 264241152 bytes for G1 virtual space
# Possible reasons:
#   The system is out of physical RAM or swap space
#   The process is running with CompressedOops enabled, and the Java Heap may be blocking the growth of the native heap
# Possible solutions:
#   Reduce memory load on the system
#   Increase physical memory or swap space
#   Check if swap backing store is full
#   Decrease Java heap size (-Xmx/-Xms)
#   Decrease number of Java threads
#   Decrease Java thread stack sizes (-Xss)
#   Set larger code cache with -XX:ReservedCodeCacheSize=
#   JVM is running with Zero Based Compressed Oops mode in which the Java heap is
#     placed in the first 32GB address space. The Java Heap base address is the
#     maximum limit for the native heap growth. Please use -XX:HeapBaseMinAddress
#     to set the Java Heap base and to place the Java Heap above 32GB virtual address.
# This output file may be truncated or incomplete.
#
#  Out of Memory Error (os_windows.cpp:3541), pid=20664, tid=19556
#
# JRE version:  (17.0.4+8) (build )
# Java VM: OpenJDK 64-Bit Server VM (17.0.4+8, mixed mode, sharing, tiered, compressed oops, compressed class ptrs, g1 gc, windows-amd64)
# No core dump will be written. Minidumps are not enabled by default on client versions of Windows
#

---------------  S U M M A R Y ------------

Command Line: C:\Users\takadiya\AppData\Local\Temp\surefire4344233014355666045\surefirebooter15753836898084387448.jar C:\Users\takadiya\AppData\Local\Temp\surefire4344233014355666045 2022-08-30T20-09-20_450-jvmRun1 surefire13677999149248742300tmp surefire_09155867639574297778tmp

Host: 11th Gen Intel(R) Core(TM) i7-1185G7 @ 3.00GHz, 8 cores, 15G,  Windows 10 , 64 bit Build 19041 (10.0.19041.1889)
Time: Tue Aug 30 20:09:23 2022 India Standard Time elapsed time: 0.013553 seconds (0d 0h 0m 0s)

---------------  T H R E A D  ---------------

Current thread (0x000001dc57e1c730):  JavaThread "Unknown thread" [_thread_in_vm, id=19556, stack(0x000000adcb100000,0x000000adcb200000)]

Stack: [0x000000adcb100000,0x000000adcb200000]
Native frames: (J=compiled Java code, j=interpreted, Vv=VM code, C=native code)
V  [jvm.dll+0x67733a]
V  [jvm.dll+0x8323c4]
V  [jvm.dll+0x833b6e]
V  [jvm.dll+0x8341d3]
V  [jvm.dll+0x2455e5]
V  [jvm.dll+0x674229]
V  [jvm.dll+0x668ab2]
V  [jvm.dll+0x30458b]
V  [jvm.dll+0x30bad6]
V  [jvm.dll+0x35ba7e]
V  [jvm.dll+0x35bcaf]
V  [jvm.dll+0x2db428]
V  [jvm.dll+0x2dc394]
V  [jvm.dll+0x803ef1]
V  [jvm.dll+0x3698d1]
V  [jvm.dll+0x7e320c]
V  [jvm.dll+0x3ec23f]
V  [jvm.dll+0x3eddc1]
C  [jli.dll+0x5277]
C  [ucrtbase.dll+0x21bb2]
C  [KERNEL32.DLL+0x17034]
C  [ntdll.dll+0x52651]


---------------  P R O C E S S  ---------------

Threads class SMR info:
_java_thread_list=0x00007ffb07314e98, length=0, elements={
}

Java Threads: ( => current thread )

Other Threads:
  0x000001dc57e894a0 GCTaskThread "GC Thread#0" [stack: 0x000000adcb200000,0x000000adcb300000] [id=23188]
  0x000001dc57e9afb0 ConcurrentGCThread "G1 Main Marker" [stack: 0x000000adcb300000,0x000000adcb400000] [id=22476]
  0x000001dc57e9b9c0 ConcurrentGCThread "G1 Conc#0" [stack: 0x000000adcb400000,0x000000adcb500000] [id=18072]

[error occurred during error reporting (printing all threads), id 0xc0000005, EXCEPTION_ACCESS_VIOLATION (0xc0000005) at pc=0x00007ffb06aebeb7]

VM state: not at safepoint (not fully initialized)

VM Mutex/Monitor currently owned by a thread:  ([mutex/lock_event])
[0x000001dc57e18b70] Heap_lock - owner thread: 0x000001dc57e1c730

Heap address: 0x0000000704400000, size: 4028 MB, Compressed Oops mode: Zero based, Oop shift amount: 3

CDS archive(s) mapped at: [0x0000000000000000-0x0000000000000000-0x0000000000000000), size 0, SharedBaseAddress: 0x0000000800000000, ArchiveRelocationMode: 0.
Narrow klass base: 0x0000000000000000, Narrow klass shift: 0, Narrow klass range: 0x0

GC Precious Log:
<Empty>

Heap:
 garbage-first heap   total 0K, used 0K [0x0000000704400000, 0x0000000800000000)
  region size 2048K, 0 young (0K), 0 survivors (0K)

[error occurred during error reporting (printing heap information), id 0xc0000005, EXCEPTION_ACCESS_VIOLATION (0xc0000005) at pc=0x00007ffb06ed06b9]

GC Heap History (0 events):
No events

Deoptimization events (0 events):
No events

Classes unloaded (0 events):
No events

Classes redefined (0 events):
No events

Internal exceptions (0 events):
No events

VM Operations (0 events):
No events

Events (1 events):
Event: 0.009 Loaded shared library C:\Users\takadiya\.p2\pool\plugins\org.eclipse.justj.openjdk.hotspot.jre.full.win32.x86_64_17.0.4.v20220805-1047\jre\bin\java.dll


Dynamic libraries:
0x00007ff673eb0000 - 0x00007ff673ebe000 	C:\Users\takadiya\.p2\pool\plugins\org.eclipse.justj.openjdk.hotspot.jre.full.win32.x86_64_17.0.4.v20220805-1047\jre\bin\java.exe
0x00007ffb79150000 - 0x00007ffb79348000 	C:\windows\SYSTEM32\ntdll.dll
0x00007ffb78b00000 - 0x00007ffb78bbd000 	C:\windows\System32\KERNEL32.DLL
0x00007ffb76870000 - 0x00007ffb76b3e000 	C:\windows\System32\KERNELBASE.dll
0x00007ffb73ad0000 - 0x00007ffb73b60000 	C:\windows\SYSTEM32\apphelp.dll
0x00007ffb76b40000 - 0x00007ffb76c40000 	C:\windows\System32\ucrtbase.dll
0x00007ffb35320000 - 0x00007ffb35338000 	C:\Users\takadiya\.p2\pool\plugins\org.eclipse.justj.openjdk.hotspot.jre.full.win32.x86_64_17.0.4.v20220805-1047\jre\bin\jli.dll
0x00007ffb34d00000 - 0x00007ffb34d19000 	C:\Users\takadiya\.p2\pool\plugins\org.eclipse.justj.openjdk.hotspot.jre.full.win32.x86_64_17.0.4.v20220805-1047\jre\bin\VCRUNTIME140.dll
0x00007ffb784a0000 - 0x00007ffb78640000 	C:\windows\System32\USER32.dll
0x00007ffb77180000 - 0x00007ffb771a2000 	C:\windows\System32\win32u.dll
0x00007ffb780e0000 - 0x00007ffb7810a000 	C:\windows\System32\GDI32.dll
0x00007ffb76d50000 - 0x00007ffb76e5b000 	C:\windows\System32\gdi32full.dll
0x00007ffb76cb0000 - 0x00007ffb76d4d000 	C:\windows\System32\msvcp_win.dll
0x00007ffb605b0000 - 0x00007ffb6084a000 	C:\windows\WinSxS\amd64_microsoft.windows.common-controls_6595b64144ccf1df_6.0.19041.1110_none_60b5254171f9507e\COMCTL32.dll
0x00007ffb77fa0000 - 0x00007ffb7803e000 	C:\windows\System32\msvcrt.dll
0x00007ffb78240000 - 0x00007ffb78270000 	C:\windows\System32\IMM32.DLL
0x00007ffb5d190000 - 0x00007ffb5d19c000 	C:\Users\takadiya\.p2\pool\plugins\org.eclipse.justj.openjdk.hotspot.jre.full.win32.x86_64_17.0.4.v20220805-1047\jre\bin\vcruntime140_1.dll
0x00007ffb240c0000 - 0x00007ffb24151000 	C:\Users\takadiya\.p2\pool\plugins\org.eclipse.justj.openjdk.hotspot.jre.full.win32.x86_64_17.0.4.v20220805-1047\jre\bin\msvcp140.dll
0x00007ffb06800000 - 0x00007ffb07446000 	C:\Users\takadiya\.p2\pool\plugins\org.eclipse.justj.openjdk.hotspot.jre.full.win32.x86_64_17.0.4.v20220805-1047\jre\bin\server\jvm.dll
0x00007ffb78380000 - 0x00007ffb7842e000 	C:\windows\System32\ADVAPI32.dll
0x00007ffb78040000 - 0x00007ffb780dc000 	C:\windows\System32\sechost.dll
0x00007ffb78650000 - 0x00007ffb78775000 	C:\windows\System32\RPCRT4.dll
0x00007ffb77760000 - 0x00007ffb77768000 	C:\windows\System32\PSAPI.DLL
0x00007ffb6f170000 - 0x00007ffb6f17a000 	C:\windows\SYSTEM32\VERSION.dll
0x00007ffb60850000 - 0x00007ffb60877000 	C:\windows\SYSTEM32\WINMM.dll
0x00007ffb62a30000 - 0x00007ffb62a39000 	C:\windows\SYSTEM32\WSOCK32.dll
0x00007ffb78430000 - 0x00007ffb7849b000 	C:\windows\System32\WS2_32.dll
0x00007ffb75090000 - 0x00007ffb750a2000 	C:\windows\SYSTEM32\kernel.appcore.dll
0x00007ffb70e80000 - 0x00007ffb70e8a000 	C:\Users\takadiya\.p2\pool\plugins\org.eclipse.justj.openjdk.hotspot.jre.full.win32.x86_64_17.0.4.v20220805-1047\jre\bin\jimage.dll
0x00007ffb745e0000 - 0x00007ffb747c4000 	C:\windows\SYSTEM32\DBGHELP.DLL
0x00007ffb5eb60000 - 0x00007ffb5eb8c000 	C:\windows\SYSTEM32\dbgcore.DLL
0x00007ffb770c0000 - 0x00007ffb77142000 	C:\windows\System32\bcryptPrimitives.dll
0x00007ffb39a90000 - 0x00007ffb39ab5000 	C:\Users\takadiya\.p2\pool\plugins\org.eclipse.justj.openjdk.hotspot.jre.full.win32.x86_64_17.0.4.v20220805-1047\jre\bin\java.dll

dbghelp: loaded successfully - version: 4.0.5 - missing functions: none
symbol engine: initialized successfully - sym options: 0x614 - pdb path: .;C:\Users\takadiya\.p2\pool\plugins\org.eclipse.justj.openjdk.hotspot.jre.full.win32.x86_64_17.0.4.v20220805-1047\jre\bin;C:\windows\SYSTEM32;C:\windows\WinSxS\amd64_microsoft.windows.common-controls_6595b64144ccf1df_6.0.19041.1110_none_60b5254171f9507e;C:\Users\takadiya\.p2\pool\plugins\org.eclipse.justj.openjdk.hotspot.jre.full.win32.x86_64_17.0.4.v20220805-1047\jre\bin\server

VM Arguments:
java_command: C:\Users\takadiya\AppData\Local\Temp\surefire4344233014355666045\surefirebooter15753836898084387448.jar C:\Users\takadiya\AppData\Local\Temp\surefire4344233014355666045 2022-08-30T20-09-20_450-jvmRun1 surefire13677999149248742300tmp surefire_09155867639574297778tmp
java_class_path (initial): C:\Users\takadiya\AppData\Local\Temp\surefire4344233014355666045\surefirebooter15753836898084387448.jar
Launcher Type: SUN_STANDARD

[Global flags]
     intx CICompilerCount                          = 4                                         {product} {ergonomic}
     uint ConcGCThreads                            = 2                                         {product} {ergonomic}
     uint G1ConcRefinementThreads                  = 8                                         {product} {ergonomic}
   size_t G1HeapRegionSize                         = 2097152                                   {product} {ergonomic}
    uintx GCDrainStackTargetSize                   = 64                                        {product} {ergonomic}
   size_t InitialHeapSize                          = 264241152                                 {product} {ergonomic}
   size_t MarkStackSize                            = 4194304                                   {product} {ergonomic}
   size_t MaxHeapSize                              = 4223664128                                {product} {ergonomic}
   size_t MinHeapDeltaBytes                        = 2097152                                   {product} {ergonomic}
   size_t MinHeapSize                              = 8388608                                   {product} {ergonomic}
    uintx NonNMethodCodeHeapSize                   = 5839372                                {pd product} {ergonomic}
    uintx NonProfiledCodeHeapSize                  = 122909434                              {pd product} {ergonomic}
    uintx ProfiledCodeHeapSize                     = 122909434                              {pd product} {ergonomic}
    uintx ReservedCodeCacheSize                    = 251658240                              {pd product} {ergonomic}
     bool SegmentedCodeCache                       = true                                      {product} {ergonomic}
   size_t SoftMaxHeapSize                          = 4223664128                             {manageable} {ergonomic}
     bool UseCompressedClassPointers               = true                           {product lp64_product} {ergonomic}
     bool UseCompressedOops                        = true                           {product lp64_product} {ergonomic}
     bool UseG1GC                                  = true                                      {product} {ergonomic}
     bool UseLargePagesIndividualAllocation        = false                                  {pd product} {ergonomic}

Logging:
Log output configuration:
 #0: stdout all=warning uptime,level,tags
 #1: stderr all=off uptime,level,tags

Environment Variables:
PATH=C:/Users/takadiya/.p2/pool/plugins/org.eclipse.justj.openjdk.hotspot.jre.full.win32.x86_64_17.0.4.v20220805-1047/jre/bin/server;C:/Users/takadiya/.p2/pool/plugins/org.eclipse.justj.openjdk.hotspot.jre.full.win32.x86_64_17.0.4.v20220805-1047/jre/bin;C:\Program Files (x86)\Common Files\Oracle\Java\javapath;C:\windows\system32;C:\windows;C:\windows\System32\Wbem;C:\windows\System32\WindowsPowerShell\v1.0\;C:\windows\System32\OpenSSH\;C:\Program Files\TortoiseSVN\bin;C:\Program Files\TortoiseGit\bin;C:\Program Files\Git\cmd;C:\Program Files\PuTTY\;C:\Program Files (x86)\Oracle\Opera\Print Client;C:\Program Files\Docker\Docker\resources\bin;C:\ProgramData\DockerDesktop\version-bin;C:\Users\takadiya\AppData\Local\Microsoft\WindowsApps;C:\Users\takadiya\AppData\Local\Programs\Microsoft VS Code\bin;C:\Users\takadiya\AppData\Local\GitHubDesktop\bin;C:\windows\system32;
USERNAME=takadiya
OS=Windows_NT
PROCESSOR_IDENTIFIER=Intel64 Family 6 Model 140 Stepping 1, GenuineIntel
TMP=C:\Users\takadiya\AppData\Local\Temp
TEMP=C:\Users\takadiya\AppData\Local\Temp



---------------  S Y S T E M  ---------------

OS:
 Windows 10 , 64 bit Build 19041 (10.0.19041.1889)
OS uptime: 4 days 0:54 hours
Hyper-V role detected

CPU: total 8 (initial active 8) (4 cores per cpu, 2 threads per core) family 6 model 140 stepping 1 microcode 0xa4, cx8, cmov, fxsr, ht, mmx, 3dnowpref, sse, sse2, sse3, ssse3, sse4.1, sse4.2, popcnt, lzcnt, tsc, tscinvbit, avx, avx2, aes, erms, clmul, bmi1, bmi2, adx, avx512f, avx512dq, avx512cd, avx512bw, avx512vl, sha, fma, vzeroupper, avx512_vpopcntdq, avx512_vpclmulqdq, avx512_vaes, avx512_vnni, clflush, clflushopt, clwb, avx512_vbmi2, avx512_vbmi, hv

Memory: 4k page, system-wide physical 16106M (3971M free)
TotalPageFile size 18154M (AvailPageFile size 244M)
current process WorkingSet (physical memory assigned to process): 11M, peak: 11M
current process commit charge ("private bytes"): 60M, peak: 312M

vm_info: OpenJDK 64-Bit Server VM (17.0.4+8) for windows-amd64 JRE (17.0.4+8), built on Jul 19 2022 16:05:16 by "temurin" with MS VC++ 16.7 (VS2019)

END.
